\BOOKMARK [0][-]{chapter*.1}{\376\377\272\070\271\254\271\320}{}% 1
\BOOKMARK [1][-]{section.0.1}{\376\377\254\020\300\254\307\130\000\040\271\320}{chapter*.1}% 2
\BOOKMARK [1][-]{section.0.2}{\376\377\264\344\305\264\254\000\272\160}{chapter*.1}% 3
\BOOKMARK [1][-]{section.0.3}{\376\377\305\320\261\010\311\300\305\320\000\040\255\000\325\130\305\354}{chapter*.1}% 4
\BOOKMARK [0][-]{chapter.1}{\376\377\256\060\314\264\307\130\000\040\301\061\311\310}{}% 5
\BOOKMARK [1][-]{section.1.1}{\376\377\307\164\300\301\000\040\256\060\314\264}{chapter.1}% 6
\BOOKMARK [1][-]{section.1.2}{\376\377\256\060\314\264\000\040\275\204\307\220\000\040\306\264\263\331\270\140}{chapter.1}% 7
\BOOKMARK [1][-]{section.1.3}{\376\377\302\344\310\034\000\040\256\060\314\264}{chapter.1}% 8
\BOOKMARK [0][-]{chapter.2}{\376\377\305\364\305\355\325\131\000\040\310\034\0001\000\040\274\225\316\131}{}% 9
\BOOKMARK [1][-]{section.2.1}{\376\377\260\264\275\200\000\040\305\320\261\010\311\300}{chapter.2}% 10
\BOOKMARK [1][-]{section.2.2}{\376\377\305\324\320\310\325\074}{chapter.2}% 11
\BOOKMARK [1][-]{section.2.3}{\376\377\305\364\326\124\325\131}{chapter.2}% 12
\BOOKMARK [1][-]{section.2.4}{\376\377\300\301\320\334\000\040\325\150\302\030\306\100\000\040\306\104\310\004\273\370\275\204}{chapter.2}% 13
\BOOKMARK [1][-]{section.2.5}{\376\377\262\350\305\364\000\040\254\374\310\025}{chapter.2}% 14
\BOOKMARK [0][-]{chapter.3}{\376\377\305\364\305\355\325\131\000\040\310\034\0002\000\040\274\225\316\131\254\374\000\040\310\034\0003\000\040\274\225\316\131}{}% 15
\BOOKMARK [1][-]{section.3.1}{\376\377\305\324\322\270\270\134\325\074}{chapter.3}% 16
\BOOKMARK [1][-]{section.3.2}{\376\377\305\364\305\355\325\131\000\040\254\374\310\025\305\320\301\034\307\130\000\040\305\324\322\270\270\134\325\074\000\040\274\300\326\124}{chapter.3}% 17
\BOOKMARK [1][-]{section.3.3}{\376\377\305\324\322\270\270\134\325\074\307\130\000\040\316\041\310\025}{chapter.3}% 18
\BOOKMARK [1][-]{section.3.4}{\376\377\254\304\305\320\301\034\271\314\000\040\300\335\254\001\325\130\256\060}{chapter.3}% 19
\BOOKMARK [1][-]{section.3.5}{\376\377\305\364\305\355\325\131\000\040\310\034\0001\000\040\274\225\316\131\254\374\000\040\310\034\0002\000\040\274\225\316\131\307\104\000\040\325\151\316\134\262\344\272\164\000?}{chapter.3}% 20
\BOOKMARK [0][-]{chapter.4}{\376\377\302\034\273\074\311\310\307\130\000\040\273\074\271\254\310\001\000\040\274\300\326\124}{}% 21
\BOOKMARK [1][-]{section.4.1}{\376\377\302\034\302\030\325\134\000\040\273\074\311\310\307\130\000\040\300\301\323\311\326\025\263\304}{chapter.4}% 22
\BOOKMARK [1][-]{section.4.2}{\376\377\300\301\307\130\000\040\305\364\305\355\325\131\310\001\000\040\255\000\310\020}{chapter.4}% 23
\BOOKMARK [0][-]{chapter.5}{\376\377\254\004\262\350\325\134\000\040\326\074\325\151\273\074}{}% 24
\BOOKMARK [1][-]{section.5.1}{\376\377\305\364\305\355\325\131\310\001\000\040\255\000\310\020\305\320\301\034\000\040\274\370\000\040\326\074\325\151\273\074}{chapter.5}% 25
\BOOKMARK [1][-]{section.5.2}{\376\377\306\251\305\141\307\130\000\040\301\061\311\310}{chapter.5}% 26
\BOOKMARK [1][-]{section.5.3}{\376\377\307\164\306\320\254\304\000\040\300\301\323\311\326\025\263\304\000:\000\040\305\141\314\264}{chapter.5}% 27
\BOOKMARK [1][-]{section.5.4}{\376\377\307\164\306\320\254\304\000\040\300\301\323\311\326\025\263\304\000:\000\040\254\340\314\264}{chapter.5}% 28
\BOOKMARK [1][-]{section.5.5}{\376\377\300\274\306\320\254\304\000\040\300\301\323\311\326\025\263\304}{chapter.5}% 29
\BOOKMARK [1][-]{section.5.6}{\376\377\326\134\263\331\263\304}{chapter.5}% 30
\BOOKMARK [0][-]{chapter.6}{\376\377\326\124\325\131\000\040\323\311\326\025}{}% 31
\BOOKMARK [1][-]{section.6.1}{\376\377\323\311\326\025\000\040\300\301\302\030}{chapter.6}% 32
\BOOKMARK [1][-]{section.6.2}{\376\377\323\311\326\025\000\040\307\164\263\331}{chapter.6}% 33
\BOOKMARK [1][-]{section.6.3}{\376\377\310\004\256\060\326\124\325\131\000\040\310\004\311\300}{chapter.6}% 34
\BOOKMARK [1][-]{section.6.4}{\376\377\310\004\255\371\000\040\310\004\307\004}{chapter.6}% 35
\BOOKMARK [0][-]{chapter*.26}{\376\377\314\070\254\340\273\070\325\314}{}% 36
